<?xml version="1.0" encoding="UTF-8"?>
<!-- Generated by org.testng.reporters.JUnitReportReporter -->
<testsuite name="TestNGPackage.TestAutomationNGFile" tests="5" time="139.307" ignored="0" failures="0" timestamp="24 May 2018 10:00:02 GMT" skipped="0" hostname="CHDSEZ148211L" errors="0">
  <testcase name="selectHotel" time="10.289" classname="TestNGPackage.TestAutomationNGFile"/>
  <testcase name="validateLogin" time="6.515" classname="TestNGPackage.TestAutomationNGFile"/>
  <testcase name="logout" time="93.081" classname="TestNGPackage.TestAutomationNGFile"/>
  <testcase name="searchHotel" time="14.333" classname="TestNGPackage.TestAutomationNGFile"/>
  <testcase name="bookingConfirmation" time="15.089" classname="TestNGPackage.TestAutomationNGFile"/>
</testsuite> <!-- TestNGPackage.TestAutomationNGFile -->
