<?xml version="1.0" encoding="UTF-8"?>
<!-- Generated by org.testng.reporters.JUnitReportReporter -->
<testsuite name="TestNGPackage.TestAutomationNGFile" tests="5" time="64.999" ignored="0" failures="0" timestamp="30 May 2018 05:51:43 GMT" skipped="0" hostname="CHDSEZ148211L" errors="0">
  <testcase name="validateLogin" time="3.944" classname="TestNGPackage.TestAutomationNGFile"/>
  <testcase name="logout" time="13.354" classname="TestNGPackage.TestAutomationNGFile"/>
  <testcase name="selectHotel" time="4.288" classname="TestNGPackage.TestAutomationNGFile"/>
  <testcase name="bookingConfirmation" time="17.110" classname="TestNGPackage.TestAutomationNGFile"/>
  <testcase name="searchHotel" time="26.303" classname="TestNGPackage.TestAutomationNGFile"/>
</testsuite> <!-- TestNGPackage.TestAutomationNGFile -->
